[KWR Pull] Wrote 2053 keywords to /Users/kevinsimac/.openclaw/workspace/decryptica/data/kwr/imports/autocomplete_2026-05-18_06-16.csv
[KWR] Scored 80 candidates from 4 file(s)
[KWR] Selected 16 clustered candidates (max 2 per cluster)
[KWR] JSON: /Users/kevinsimac/.openclaw/workspace/decryptica/data/kwr/keyword_candidates.json
[KWR] Report: /Users/kevinsimac/.openclaw/workspace/decryptica/data/kwr/keyword_candidates.md
[KWR Pull] Wrote 2054 keywords to /Users/kevinsimac/.openclaw/workspace/decryptica/data/kwr/imports/autocomplete_2026-05-25_06-16.csv
[KWR] Scored 80 candidates from 5 file(s)
[KWR] Selected 16 clustered candidates (max 2 per cluster)
[KWR] JSON: /Users/kevinsimac/.openclaw/workspace/decryptica/data/kwr/keyword_candidates.json
[KWR] Report: /Users/kevinsimac/.openclaw/workspace/decryptica/data/kwr/keyword_candidates.md
[KWR Pull] Wrote 2095 keywords to /Users/kevinsimac/.openclaw/workspace/decryptica/data/kwr/imports/autocomplete_2026-06-01_06-16.csv
[KWR] Scored 80 candidates from 6 file(s)
[KWR] Selected 16 clustered candidates (max 2 per cluster)
[KWR] JSON: /Users/kevinsimac/.openclaw/workspace/decryptica/data/kwr/keyword_candidates.json
[KWR] Report: /Users/kevinsimac/.openclaw/workspace/decryptica/data/kwr/keyword_candidates.md
[KWR Pull] Wrote 2067 keywords to /Users/kevinsimac/.openclaw/workspace/decryptica/data/kwr/imports/autocomplete_2026-06-08_06-16.csv
[KWR] Scored 80 candidates from 7 file(s)
[KWR] Selected 17 clustered candidates (max 2 per cluster)
[KWR] JSON: /Users/kevinsimac/.openclaw/workspace/decryptica/data/kwr/keyword_candidates.json
[KWR] Report: /Users/kevinsimac/.openclaw/workspace/decryptica/data/kwr/keyword_candidates.md
