[SEO Checkpoint] Generating report for 2026-04-11...
[SEO Checkpoint] Fatal error: Error: @vercel/kv: Missing required environment variables KV_REST_API_URL and KV_REST_API_TOKEN
    at Object.get (/Users/kevinsimac/.openclaw/workspace/decryptica/node_modules/@vercel/kv/dist/index.cjs:100:17)
    at getOr0 (/Users/kevinsimac/.openclaw/workspace/decryptica/scripts/seo_daily_checkpoint.js:29:22)
    at generateDailyReport (/Users/kevinsimac/.openclaw/workspace/decryptica/scripts/seo_daily_checkpoint.js:124:29)
    at Object.<anonymous> (/Users/kevinsimac/.openclaw/workspace/decryptica/scripts/seo_daily_checkpoint.js:320:1)
    at Module._compile (node:internal/modules/cjs/loader:1705:14)
    at Module._extensions..js (node:internal/modules/cjs/loader:1838:10)
    at Module.load (node:internal/modules/cjs/loader:1441:32)
    at Module._load (node:internal/modules/cjs/loader:1263:12)
    at TracingChannel.traceSync (node:diagnostics_channel:328:14)
    at wrapModuleLoad (node:internal/modules/cjs/loader:237:24)
[SEO Checkpoint] Generating report for 2026-04-25...
[SEO Checkpoint] Fatal error: Error: @vercel/kv: Missing required environment variables KV_REST_API_URL and KV_REST_API_TOKEN
    at Object.get (/Users/kevinsimac/.openclaw/workspace/decryptica/node_modules/@vercel/kv/dist/index.cjs:100:17)
    at getOr0 (/Users/kevinsimac/.openclaw/workspace/decryptica/scripts/seo_daily_checkpoint.js:29:22)
    at generateDailyReport (/Users/kevinsimac/.openclaw/workspace/decryptica/scripts/seo_daily_checkpoint.js:124:29)
    at Object.<anonymous> (/Users/kevinsimac/.openclaw/workspace/decryptica/scripts/seo_daily_checkpoint.js:320:1)
    at Module._compile (node:internal/modules/cjs/loader:1705:14)
    at Module._extensions..js (node:internal/modules/cjs/loader:1838:10)
    at Module.load (node:internal/modules/cjs/loader:1441:32)
    at Module._load (node:internal/modules/cjs/loader:1263:12)
    at TracingChannel.traceSync (node:diagnostics_channel:328:14)
    at wrapModuleLoad (node:internal/modules/cjs/loader:237:24)
[SEO Checkpoint] Generating report for 2026-04-26...
[SEO Checkpoint] Fatal error: Error: @vercel/kv: Missing required environment variables KV_REST_API_URL and KV_REST_API_TOKEN
    at Object.get (/Users/kevinsimac/.openclaw/workspace/decryptica/node_modules/@vercel/kv/dist/index.cjs:100:17)
    at getOr0 (/Users/kevinsimac/.openclaw/workspace/decryptica/scripts/seo_daily_checkpoint.js:29:22)
    at generateDailyReport (/Users/kevinsimac/.openclaw/workspace/decryptica/scripts/seo_daily_checkpoint.js:124:29)
    at Object.<anonymous> (/Users/kevinsimac/.openclaw/workspace/decryptica/scripts/seo_daily_checkpoint.js:320:1)
    at Module._compile (node:internal/modules/cjs/loader:1705:14)
    at Module._extensions..js (node:internal/modules/cjs/loader:1838:10)
    at Module.load (node:internal/modules/cjs/loader:1441:32)
    at Module._load (node:internal/modules/cjs/loader:1263:12)
    at TracingChannel.traceSync (node:diagnostics_channel:328:14)
    at wrapModuleLoad (node:internal/modules/cjs/loader:237:24)
[SEO Checkpoint] Generating report for 2026-04-27...
[SEO Checkpoint] Fatal error: Error: @vercel/kv: Missing required environment variables KV_REST_API_URL and KV_REST_API_TOKEN
    at Object.get (/Users/kevinsimac/.openclaw/workspace/decryptica/node_modules/@vercel/kv/dist/index.cjs:100:17)
    at getOr0 (/Users/kevinsimac/.openclaw/workspace/decryptica/scripts/seo_daily_checkpoint.js:29:22)
    at generateDailyReport (/Users/kevinsimac/.openclaw/workspace/decryptica/scripts/seo_daily_checkpoint.js:124:29)
    at Object.<anonymous> (/Users/kevinsimac/.openclaw/workspace/decryptica/scripts/seo_daily_checkpoint.js:320:1)
    at Module._compile (node:internal/modules/cjs/loader:1705:14)
    at Module._extensions..js (node:internal/modules/cjs/loader:1838:10)
    at Module.load (node:internal/modules/cjs/loader:1441:32)
    at Module._load (node:internal/modules/cjs/loader:1263:12)
    at TracingChannel.traceSync (node:diagnostics_channel:328:14)
    at wrapModuleLoad (node:internal/modules/cjs/loader:237:24)
[SEO Checkpoint] Generating report for 2026-04-28...
[SEO Checkpoint] Fatal error: Error: @vercel/kv: Missing required environment variables KV_REST_API_URL and KV_REST_API_TOKEN
    at Object.get (/Users/kevinsimac/.openclaw/workspace/decryptica/node_modules/@vercel/kv/dist/index.cjs:100:17)
    at getOr0 (/Users/kevinsimac/.openclaw/workspace/decryptica/scripts/seo_daily_checkpoint.js:29:22)
    at generateDailyReport (/Users/kevinsimac/.openclaw/workspace/decryptica/scripts/seo_daily_checkpoint.js:124:29)
    at Object.<anonymous> (/Users/kevinsimac/.openclaw/workspace/decryptica/scripts/seo_daily_checkpoint.js:320:1)
    at Module._compile (node:internal/modules/cjs/loader:1705:14)
    at Module._extensions..js (node:internal/modules/cjs/loader:1838:10)
    at Module.load (node:internal/modules/cjs/loader:1441:32)
    at Module._load (node:internal/modules/cjs/loader:1263:12)
    at TracingChannel.traceSync (node:diagnostics_channel:328:14)
    at wrapModuleLoad (node:internal/modules/cjs/loader:237:24)
[SEO Checkpoint] Generating report for 2026-04-29...
[SEO Checkpoint] Fatal error: Error: @vercel/kv: Missing required environment variables KV_REST_API_URL and KV_REST_API_TOKEN
    at Object.get (/Users/kevinsimac/.openclaw/workspace/decryptica/node_modules/@vercel/kv/dist/index.cjs:100:17)
    at getOr0 (/Users/kevinsimac/.openclaw/workspace/decryptica/scripts/seo_daily_checkpoint.js:29:22)
    at generateDailyReport (/Users/kevinsimac/.openclaw/workspace/decryptica/scripts/seo_daily_checkpoint.js:124:29)
    at Object.<anonymous> (/Users/kevinsimac/.openclaw/workspace/decryptica/scripts/seo_daily_checkpoint.js:320:1)
    at Module._compile (node:internal/modules/cjs/loader:1705:14)
    at Module._extensions..js (node:internal/modules/cjs/loader:1838:10)
    at Module.load (node:internal/modules/cjs/loader:1441:32)
    at Module._load (node:internal/modules/cjs/loader:1263:12)
    at TracingChannel.traceSync (node:diagnostics_channel:328:14)
    at wrapModuleLoad (node:internal/modules/cjs/loader:237:24)
[SEO Checkpoint] Generating report for 2026-04-30...
[SEO Checkpoint] Fatal error: Error: @vercel/kv: Missing required environment variables KV_REST_API_URL and KV_REST_API_TOKEN
    at Object.get (/Users/kevinsimac/.openclaw/workspace/decryptica/node_modules/@vercel/kv/dist/index.cjs:100:17)
    at getOr0 (/Users/kevinsimac/.openclaw/workspace/decryptica/scripts/seo_daily_checkpoint.js:29:22)
    at generateDailyReport (/Users/kevinsimac/.openclaw/workspace/decryptica/scripts/seo_daily_checkpoint.js:124:29)
    at Object.<anonymous> (/Users/kevinsimac/.openclaw/workspace/decryptica/scripts/seo_daily_checkpoint.js:320:1)
    at Module._compile (node:internal/modules/cjs/loader:1705:14)
    at Module._extensions..js (node:internal/modules/cjs/loader:1838:10)
    at Module.load (node:internal/modules/cjs/loader:1441:32)
    at Module._load (node:internal/modules/cjs/loader:1263:12)
    at TracingChannel.traceSync (node:diagnostics_channel:328:14)
    at wrapModuleLoad (node:internal/modules/cjs/loader:237:24)
[SEO Checkpoint] Generating report for 2026-05-01...
[SEO Checkpoint] Fatal error: Error: @vercel/kv: Missing required environment variables KV_REST_API_URL and KV_REST_API_TOKEN
    at Object.get (/Users/kevinsimac/.openclaw/workspace/decryptica/node_modules/@vercel/kv/dist/index.cjs:100:17)
    at getOr0 (/Users/kevinsimac/.openclaw/workspace/decryptica/scripts/seo_daily_checkpoint.js:29:22)
    at generateDailyReport (/Users/kevinsimac/.openclaw/workspace/decryptica/scripts/seo_daily_checkpoint.js:124:29)
    at Object.<anonymous> (/Users/kevinsimac/.openclaw/workspace/decryptica/scripts/seo_daily_checkpoint.js:320:1)
    at Module._compile (node:internal/modules/cjs/loader:1705:14)
    at Module._extensions..js (node:internal/modules/cjs/loader:1838:10)
    at Module.load (node:internal/modules/cjs/loader:1441:32)
    at Module._load (node:internal/modules/cjs/loader:1263:12)
    at TracingChannel.traceSync (node:diagnostics_channel:328:14)
    at wrapModuleLoad (node:internal/modules/cjs/loader:237:24)
[SEO Checkpoint] Generating report for 2026-05-02...
[SEO Checkpoint] Fatal error: Error: @vercel/kv: Missing required environment variables KV_REST_API_URL and KV_REST_API_TOKEN
    at Object.get (/Users/kevinsimac/.openclaw/workspace/decryptica/node_modules/@vercel/kv/dist/index.cjs:100:17)
    at getOr0 (/Users/kevinsimac/.openclaw/workspace/decryptica/scripts/seo_daily_checkpoint.js:29:22)
    at generateDailyReport (/Users/kevinsimac/.openclaw/workspace/decryptica/scripts/seo_daily_checkpoint.js:124:29)
    at Object.<anonymous> (/Users/kevinsimac/.openclaw/workspace/decryptica/scripts/seo_daily_checkpoint.js:320:1)
    at Module._compile (node:internal/modules/cjs/loader:1705:14)
    at Module._extensions..js (node:internal/modules/cjs/loader:1838:10)
    at Module.load (node:internal/modules/cjs/loader:1441:32)
    at Module._load (node:internal/modules/cjs/loader:1263:12)
    at TracingChannel.traceSync (node:diagnostics_channel:328:14)
    at wrapModuleLoad (node:internal/modules/cjs/loader:237:24)
[SEO Checkpoint] Generating report for 2026-05-03...
[SEO Checkpoint] Fatal error: Error: @vercel/kv: Missing required environment variables KV_REST_API_URL and KV_REST_API_TOKEN
    at Object.get (/Users/kevinsimac/.openclaw/workspace/decryptica/node_modules/@vercel/kv/dist/index.cjs:100:17)
    at getOr0 (/Users/kevinsimac/.openclaw/workspace/decryptica/scripts/seo_daily_checkpoint.js:29:22)
    at generateDailyReport (/Users/kevinsimac/.openclaw/workspace/decryptica/scripts/seo_daily_checkpoint.js:124:29)
    at Object.<anonymous> (/Users/kevinsimac/.openclaw/workspace/decryptica/scripts/seo_daily_checkpoint.js:320:1)
    at Module._compile (node:internal/modules/cjs/loader:1705:14)
    at Module._extensions..js (node:internal/modules/cjs/loader:1838:10)
    at Module.load (node:internal/modules/cjs/loader:1441:32)
    at Module._load (node:internal/modules/cjs/loader:1263:12)
    at TracingChannel.traceSync (node:diagnostics_channel:328:14)
    at wrapModuleLoad (node:internal/modules/cjs/loader:237:24)
[SEO Checkpoint] Generating report for 2026-05-04...
[SEO Checkpoint] Fatal error: Error: @vercel/kv: Missing required environment variables KV_REST_API_URL and KV_REST_API_TOKEN
    at Object.get (/Users/kevinsimac/.openclaw/workspace/decryptica/node_modules/@vercel/kv/dist/index.cjs:100:17)
    at getOr0 (/Users/kevinsimac/.openclaw/workspace/decryptica/scripts/seo_daily_checkpoint.js:29:22)
    at generateDailyReport (/Users/kevinsimac/.openclaw/workspace/decryptica/scripts/seo_daily_checkpoint.js:124:29)
    at Object.<anonymous> (/Users/kevinsimac/.openclaw/workspace/decryptica/scripts/seo_daily_checkpoint.js:320:1)
    at Module._compile (node:internal/modules/cjs/loader:1705:14)
    at Module._extensions..js (node:internal/modules/cjs/loader:1838:10)
    at Module.load (node:internal/modules/cjs/loader:1441:32)
    at Module._load (node:internal/modules/cjs/loader:1263:12)
    at TracingChannel.traceSync (node:diagnostics_channel:328:14)
    at wrapModuleLoad (node:internal/modules/cjs/loader:237:24)
[SEO Checkpoint] Generating report for 2026-05-05...
[SEO Checkpoint] Fatal error: Error: @vercel/kv: Missing required environment variables KV_REST_API_URL and KV_REST_API_TOKEN
    at Object.get (/Users/kevinsimac/.openclaw/workspace/decryptica/node_modules/@vercel/kv/dist/index.cjs:100:17)
    at getOr0 (/Users/kevinsimac/.openclaw/workspace/decryptica/scripts/seo_daily_checkpoint.js:29:22)
    at generateDailyReport (/Users/kevinsimac/.openclaw/workspace/decryptica/scripts/seo_daily_checkpoint.js:124:29)
    at Object.<anonymous> (/Users/kevinsimac/.openclaw/workspace/decryptica/scripts/seo_daily_checkpoint.js:320:1)
    at Module._compile (node:internal/modules/cjs/loader:1705:14)
    at Module._extensions..js (node:internal/modules/cjs/loader:1838:10)
    at Module.load (node:internal/modules/cjs/loader:1441:32)
    at Module._load (node:internal/modules/cjs/loader:1263:12)
    at TracingChannel.traceSync (node:diagnostics_channel:328:14)
    at wrapModuleLoad (node:internal/modules/cjs/loader:237:24)
[SEO Checkpoint] Generating report for 2026-05-06...
[SEO Checkpoint] Report saved to seo:checkpoint:2026-05-06

=== SEO Daily Checkpoint Report ===
{
  "generatedAt": "2026-05-06T17:00:00.370Z",
  "date": "2026-05-06",
  "summary": {
    "totalPageViews": 0,
    "totalUniqueVisitors": 0,
    "totalArticles": 0,
    "avgCwvScore": 0,
    "pagesAboveCwvThreshold": 0,
    "totalIndexedPages": 0,
    "totalTrackedKeywords": 0,
    "keywordsInTop10": 0,
    "keywordsInTop3": 0,
    "avgSearchRanking": 0
  },
  "byCategory": [
    {
      "category": "crypto",
      "pageViews": 0,
      "articles": 0,
      "avgCwvScore": 0
    },
    {
      "category": "ai",
      "pageViews": 0,
      "articles": 0,
      "avgCwvScore": 0
    },
    {
      "category": "automation",
      "pageViews": 0,
      "articles": 0,
      "avgCwvScore": 0
    }
  ],
  "topPages": [],
  "cwvBreakdown": [],
  "rankingChanges": [],
  "indexationStatus": {
    "totalUrls": 0,
    "indexed": 0,
    "notIndexed": 0,
    "indexRate": 0
  }
}
[SEO Checkpoint] Generating report for 2026-05-07...
[SEO Checkpoint] Report saved to seo:checkpoint:2026-05-07

=== SEO Daily Checkpoint Report ===
{
  "generatedAt": "2026-05-07T17:00:01.159Z",
  "date": "2026-05-07",
  "summary": {
    "totalPageViews": 0,
    "totalUniqueVisitors": 0,
    "totalArticles": 0,
    "avgCwvScore": 0,
    "pagesAboveCwvThreshold": 0,
    "totalIndexedPages": 0,
    "totalTrackedKeywords": 0,
    "keywordsInTop10": 0,
    "keywordsInTop3": 0,
    "avgSearchRanking": 0
  },
  "byCategory": [
    {
      "category": "crypto",
      "pageViews": 0,
      "articles": 0,
      "avgCwvScore": 0
    },
    {
      "category": "ai",
      "pageViews": 0,
      "articles": 0,
      "avgCwvScore": 0
    },
    {
      "category": "automation",
      "pageViews": 0,
      "articles": 0,
      "avgCwvScore": 0
    }
  ],
  "topPages": [],
  "cwvBreakdown": [],
  "rankingChanges": [],
  "indexationStatus": {
    "totalUrls": 0,
    "indexed": 0,
    "notIndexed": 0,
    "indexRate": 0
  }
}
[SEO Checkpoint] Generating report for 2026-05-15...
[SEO Checkpoint] Report saved to seo:checkpoint:2026-05-15

=== SEO Daily Checkpoint Report ===
{
  "generatedAt": "2026-05-15T17:00:00.409Z",
  "date": "2026-05-15",
  "summary": {
    "totalPageViews": 0,
    "totalUniqueVisitors": 0,
    "totalArticles": 0,
    "avgCwvScore": 0,
    "pagesAboveCwvThreshold": 0,
    "totalIndexedPages": 0,
    "totalTrackedKeywords": 0,
    "keywordsInTop10": 0,
    "keywordsInTop3": 0,
    "avgSearchRanking": 0
  },
  "byCategory": [
    {
      "category": "crypto",
      "pageViews": 0,
      "articles": 0,
      "avgCwvScore": 0
    },
    {
      "category": "ai",
      "pageViews": 0,
      "articles": 0,
      "avgCwvScore": 0
    },
    {
      "category": "automation",
      "pageViews": 0,
      "articles": 0,
      "avgCwvScore": 0
    }
  ],
  "topPages": [],
  "cwvBreakdown": [],
  "rankingChanges": [],
  "indexationStatus": {
    "totalUrls": 0,
    "indexed": 0,
    "notIndexed": 0,
    "indexRate": 0
  }
}
[SEO Checkpoint] Generating report for 2026-05-16...
[SEO Checkpoint] Report saved to seo:checkpoint:2026-05-16

=== SEO Daily Checkpoint Report ===
{
  "generatedAt": "2026-05-16T17:00:01.089Z",
  "date": "2026-05-16",
  "summary": {
    "totalPageViews": 0,
    "totalUniqueVisitors": 0,
    "totalArticles": 0,
    "avgCwvScore": 0,
    "pagesAboveCwvThreshold": 0,
    "totalIndexedPages": 0,
    "totalTrackedKeywords": 0,
    "keywordsInTop10": 0,
    "keywordsInTop3": 0,
    "avgSearchRanking": 0
  },
  "byCategory": [
    {
      "category": "crypto",
      "pageViews": 0,
      "articles": 0,
      "avgCwvScore": 0
    },
    {
      "category": "ai",
      "pageViews": 0,
      "articles": 0,
      "avgCwvScore": 0
    },
    {
      "category": "automation",
      "pageViews": 0,
      "articles": 0,
      "avgCwvScore": 0
    }
  ],
  "topPages": [],
  "cwvBreakdown": [],
  "rankingChanges": [],
  "indexationStatus": {
    "totalUrls": 0,
    "indexed": 0,
    "notIndexed": 0,
    "indexRate": 0
  }
}
[SEO Checkpoint] Generating report for 2026-05-17...
[SEO Checkpoint] Report saved to seo:checkpoint:2026-05-17

=== SEO Daily Checkpoint Report ===
{
  "generatedAt": "2026-05-17T17:00:00.444Z",
  "date": "2026-05-17",
  "summary": {
    "totalPageViews": 0,
    "totalUniqueVisitors": 0,
    "totalArticles": 0,
    "avgCwvScore": 0,
    "pagesAboveCwvThreshold": 0,
    "totalIndexedPages": 0,
    "totalTrackedKeywords": 0,
    "keywordsInTop10": 0,
    "keywordsInTop3": 0,
    "avgSearchRanking": 0
  },
  "byCategory": [
    {
      "category": "crypto",
      "pageViews": 0,
      "articles": 0,
      "avgCwvScore": 0
    },
    {
      "category": "ai",
      "pageViews": 0,
      "articles": 0,
      "avgCwvScore": 0
    },
    {
      "category": "automation",
      "pageViews": 0,
      "articles": 0,
      "avgCwvScore": 0
    }
  ],
  "topPages": [],
  "cwvBreakdown": [],
  "rankingChanges": [],
  "indexationStatus": {
    "totalUrls": 0,
    "indexed": 0,
    "notIndexed": 0,
    "indexRate": 0
  }
}
[SEO Checkpoint] Generating report for 2026-05-18...
[SEO Checkpoint] Report saved to seo:checkpoint:2026-05-18

=== SEO Daily Checkpoint Report ===
{
  "generatedAt": "2026-05-18T17:00:00.561Z",
  "date": "2026-05-18",
  "summary": {
    "totalPageViews": 0,
    "totalUniqueVisitors": 0,
    "totalArticles": 0,
    "avgCwvScore": 0,
    "pagesAboveCwvThreshold": 0,
    "totalIndexedPages": 0,
    "totalTrackedKeywords": 0,
    "keywordsInTop10": 0,
    "keywordsInTop3": 0,
    "avgSearchRanking": 0
  },
  "byCategory": [
    {
      "category": "crypto",
      "pageViews": 0,
      "articles": 0,
      "avgCwvScore": 0
    },
    {
      "category": "ai",
      "pageViews": 0,
      "articles": 0,
      "avgCwvScore": 0
    },
    {
      "category": "automation",
      "pageViews": 0,
      "articles": 0,
      "avgCwvScore": 0
    }
  ],
  "topPages": [],
  "cwvBreakdown": [],
  "rankingChanges": [],
  "indexationStatus": {
    "totalUrls": 0,
    "indexed": 0,
    "notIndexed": 0,
    "indexRate": 0
  }
}
[SEO Checkpoint] Generating report for 2026-05-19...
[SEO Checkpoint] Report saved to seo:checkpoint:2026-05-19

=== SEO Daily Checkpoint Report ===
{
  "generatedAt": "2026-05-19T17:00:00.387Z",
  "date": "2026-05-19",
  "summary": {
    "totalPageViews": 0,
    "totalUniqueVisitors": 0,
    "totalArticles": 0,
    "avgCwvScore": 0,
    "pagesAboveCwvThreshold": 0,
    "totalIndexedPages": 0,
    "totalTrackedKeywords": 0,
    "keywordsInTop10": 0,
    "keywordsInTop3": 0,
    "avgSearchRanking": 0
  },
  "byCategory": [
    {
      "category": "crypto",
      "pageViews": 0,
      "articles": 0,
      "avgCwvScore": 0
    },
    {
      "category": "ai",
      "pageViews": 0,
      "articles": 0,
      "avgCwvScore": 0
    },
    {
      "category": "automation",
      "pageViews": 0,
      "articles": 0,
      "avgCwvScore": 0
    }
  ],
  "topPages": [],
  "cwvBreakdown": [],
  "rankingChanges": [],
  "indexationStatus": {
    "totalUrls": 0,
    "indexed": 0,
    "notIndexed": 0,
    "indexRate": 0
  }
}
[SEO Checkpoint] Generating report for 2026-05-20...
[SEO Checkpoint] Report saved to seo:checkpoint:2026-05-20

=== SEO Daily Checkpoint Report ===
{
  "generatedAt": "2026-05-20T17:00:00.406Z",
  "date": "2026-05-20",
  "summary": {
    "totalPageViews": 0,
    "totalUniqueVisitors": 0,
    "totalArticles": 0,
    "avgCwvScore": 0,
    "pagesAboveCwvThreshold": 0,
    "totalIndexedPages": 0,
    "totalTrackedKeywords": 0,
    "keywordsInTop10": 0,
    "keywordsInTop3": 0,
    "avgSearchRanking": 0
  },
  "byCategory": [
    {
      "category": "crypto",
      "pageViews": 0,
      "articles": 0,
      "avgCwvScore": 0
    },
    {
      "category": "ai",
      "pageViews": 0,
      "articles": 0,
      "avgCwvScore": 0
    },
    {
      "category": "automation",
      "pageViews": 0,
      "articles": 0,
      "avgCwvScore": 0
    }
  ],
  "topPages": [],
  "cwvBreakdown": [],
  "rankingChanges": [],
  "indexationStatus": {
    "totalUrls": 0,
    "indexed": 0,
    "notIndexed": 0,
    "indexRate": 0
  }
}
[SEO Checkpoint] Generating report for 2026-05-21...
[SEO Checkpoint] Report saved to seo:checkpoint:2026-05-21

=== SEO Daily Checkpoint Report ===
{
  "generatedAt": "2026-05-21T17:00:01.254Z",
  "date": "2026-05-21",
  "summary": {
    "totalPageViews": 0,
    "totalUniqueVisitors": 0,
    "totalArticles": 0,
    "avgCwvScore": 0,
    "pagesAboveCwvThreshold": 0,
    "totalIndexedPages": 0,
    "totalTrackedKeywords": 0,
    "keywordsInTop10": 0,
    "keywordsInTop3": 0,
    "avgSearchRanking": 0
  },
  "byCategory": [
    {
      "category": "crypto",
      "pageViews": 0,
      "articles": 0,
      "avgCwvScore": 0
    },
    {
      "category": "ai",
      "pageViews": 0,
      "articles": 0,
      "avgCwvScore": 0
    },
    {
      "category": "automation",
      "pageViews": 0,
      "articles": 0,
      "avgCwvScore": 0
    }
  ],
  "topPages": [],
  "cwvBreakdown": [],
  "rankingChanges": [],
  "indexationStatus": {
    "totalUrls": 0,
    "indexed": 0,
    "notIndexed": 0,
    "indexRate": 0
  }
}
[SEO Checkpoint] Generating report for 2026-05-22...
[SEO Checkpoint] Report saved to seo:checkpoint:2026-05-22

=== SEO Daily Checkpoint Report ===
{
  "generatedAt": "2026-05-22T17:00:00.600Z",
  "date": "2026-05-22",
  "summary": {
    "totalPageViews": 0,
    "totalUniqueVisitors": 0,
    "totalArticles": 0,
    "avgCwvScore": 0,
    "pagesAboveCwvThreshold": 0,
    "totalIndexedPages": 0,
    "totalTrackedKeywords": 0,
    "keywordsInTop10": 0,
    "keywordsInTop3": 0,
    "avgSearchRanking": 0
  },
  "byCategory": [
    {
      "category": "crypto",
      "pageViews": 0,
      "articles": 0,
      "avgCwvScore": 0
    },
    {
      "category": "ai",
      "pageViews": 0,
      "articles": 0,
      "avgCwvScore": 0
    },
    {
      "category": "automation",
      "pageViews": 0,
      "articles": 0,
      "avgCwvScore": 0
    }
  ],
  "topPages": [],
  "cwvBreakdown": [],
  "rankingChanges": [],
  "indexationStatus": {
    "totalUrls": 0,
    "indexed": 0,
    "notIndexed": 0,
    "indexRate": 0
  }
}
[SEO Checkpoint] Generating report for 2026-05-23...
[SEO Checkpoint] Report saved to seo:checkpoint:2026-05-23

=== SEO Daily Checkpoint Report ===
{
  "generatedAt": "2026-05-23T17:00:00.870Z",
  "date": "2026-05-23",
  "summary": {
    "totalPageViews": 0,
    "totalUniqueVisitors": 0,
    "totalArticles": 0,
    "avgCwvScore": 0,
    "pagesAboveCwvThreshold": 0,
    "totalIndexedPages": 0,
    "totalTrackedKeywords": 0,
    "keywordsInTop10": 0,
    "keywordsInTop3": 0,
    "avgSearchRanking": 0
  },
  "byCategory": [
    {
      "category": "crypto",
      "pageViews": 0,
      "articles": 0,
      "avgCwvScore": 0
    },
    {
      "category": "ai",
      "pageViews": 0,
      "articles": 0,
      "avgCwvScore": 0
    },
    {
      "category": "automation",
      "pageViews": 0,
      "articles": 0,
      "avgCwvScore": 0
    }
  ],
  "topPages": [],
  "cwvBreakdown": [],
  "rankingChanges": [],
  "indexationStatus": {
    "totalUrls": 0,
    "indexed": 0,
    "notIndexed": 0,
    "indexRate": 0
  }
}
[SEO Checkpoint] Generating report for 2026-05-24...
[SEO Checkpoint] Report saved to seo:checkpoint:2026-05-24

=== SEO Daily Checkpoint Report ===
{
  "generatedAt": "2026-05-24T17:00:00.859Z",
  "date": "2026-05-24",
  "summary": {
    "totalPageViews": 0,
    "totalUniqueVisitors": 0,
    "totalArticles": 0,
    "avgCwvScore": 0,
    "pagesAboveCwvThreshold": 0,
    "totalIndexedPages": 0,
    "totalTrackedKeywords": 0,
    "keywordsInTop10": 0,
    "keywordsInTop3": 0,
    "avgSearchRanking": 0
  },
  "byCategory": [
    {
      "category": "crypto",
      "pageViews": 0,
      "articles": 0,
      "avgCwvScore": 0
    },
    {
      "category": "ai",
      "pageViews": 0,
      "articles": 0,
      "avgCwvScore": 0
    },
    {
      "category": "automation",
      "pageViews": 0,
      "articles": 0,
      "avgCwvScore": 0
    }
  ],
  "topPages": [],
  "cwvBreakdown": [],
  "rankingChanges": [],
  "indexationStatus": {
    "totalUrls": 0,
    "indexed": 0,
    "notIndexed": 0,
    "indexRate": 0
  }
}
[SEO Checkpoint] Generating report for 2026-05-25...
[SEO Checkpoint] Report saved to seo:checkpoint:2026-05-25

=== SEO Daily Checkpoint Report ===
{
  "generatedAt": "2026-05-25T17:00:01.179Z",
  "date": "2026-05-25",
  "summary": {
    "totalPageViews": 0,
    "totalUniqueVisitors": 0,
    "totalArticles": 0,
    "avgCwvScore": 0,
    "pagesAboveCwvThreshold": 0,
    "totalIndexedPages": 0,
    "totalTrackedKeywords": 0,
    "keywordsInTop10": 0,
    "keywordsInTop3": 0,
    "avgSearchRanking": 0
  },
  "byCategory": [
    {
      "category": "crypto",
      "pageViews": 0,
      "articles": 0,
      "avgCwvScore": 0
    },
    {
      "category": "ai",
      "pageViews": 0,
      "articles": 0,
      "avgCwvScore": 0
    },
    {
      "category": "automation",
      "pageViews": 0,
      "articles": 0,
      "avgCwvScore": 0
    }
  ],
  "topPages": [],
  "cwvBreakdown": [],
  "rankingChanges": [],
  "indexationStatus": {
    "totalUrls": 0,
    "indexed": 0,
    "notIndexed": 0,
    "indexRate": 0
  }
}
[SEO Checkpoint] Generating report for 2026-05-26...
[SEO Checkpoint] Report saved to seo:checkpoint:2026-05-26

=== SEO Daily Checkpoint Report ===
{
  "generatedAt": "2026-05-26T17:00:00.730Z",
  "date": "2026-05-26",
  "summary": {
    "totalPageViews": 0,
    "totalUniqueVisitors": 0,
    "totalArticles": 0,
    "avgCwvScore": 0,
    "pagesAboveCwvThreshold": 0,
    "totalIndexedPages": 0,
    "totalTrackedKeywords": 0,
    "keywordsInTop10": 0,
    "keywordsInTop3": 0,
    "avgSearchRanking": 0
  },
  "byCategory": [
    {
      "category": "crypto",
      "pageViews": 0,
      "articles": 0,
      "avgCwvScore": 0
    },
    {
      "category": "ai",
      "pageViews": 0,
      "articles": 0,
      "avgCwvScore": 0
    },
    {
      "category": "automation",
      "pageViews": 0,
      "articles": 0,
      "avgCwvScore": 0
    }
  ],
  "topPages": [],
  "cwvBreakdown": [],
  "rankingChanges": [],
  "indexationStatus": {
    "totalUrls": 0,
    "indexed": 0,
    "notIndexed": 0,
    "indexRate": 0
  }
}
[SEO Checkpoint] Generating report for 2026-05-27...
[SEO Checkpoint] Report saved to seo:checkpoint:2026-05-27

=== SEO Daily Checkpoint Report ===
{
  "generatedAt": "2026-05-27T17:00:00.687Z",
  "date": "2026-05-27",
  "summary": {
    "totalPageViews": 0,
    "totalUniqueVisitors": 0,
    "totalArticles": 0,
    "avgCwvScore": 0,
    "pagesAboveCwvThreshold": 0,
    "totalIndexedPages": 0,
    "totalTrackedKeywords": 0,
    "keywordsInTop10": 0,
    "keywordsInTop3": 0,
    "avgSearchRanking": 0
  },
  "byCategory": [
    {
      "category": "crypto",
      "pageViews": 0,
      "articles": 0,
      "avgCwvScore": 0
    },
    {
      "category": "ai",
      "pageViews": 0,
      "articles": 0,
      "avgCwvScore": 0
    },
    {
      "category": "automation",
      "pageViews": 0,
      "articles": 0,
      "avgCwvScore": 0
    }
  ],
  "topPages": [],
  "cwvBreakdown": [],
  "rankingChanges": [],
  "indexationStatus": {
    "totalUrls": 0,
    "indexed": 0,
    "notIndexed": 0,
    "indexRate": 0
  }
}
[SEO Checkpoint] Generating report for 2026-05-28...
[SEO Checkpoint] Report saved to seo:checkpoint:2026-05-28

=== SEO Daily Checkpoint Report ===
{
  "generatedAt": "2026-05-28T17:00:00.677Z",
  "date": "2026-05-28",
  "summary": {
    "totalPageViews": 0,
    "totalUniqueVisitors": 0,
    "totalArticles": 0,
    "avgCwvScore": 0,
    "pagesAboveCwvThreshold": 0,
    "totalIndexedPages": 0,
    "totalTrackedKeywords": 0,
    "keywordsInTop10": 0,
    "keywordsInTop3": 0,
    "avgSearchRanking": 0
  },
  "byCategory": [
    {
      "category": "crypto",
      "pageViews": 0,
      "articles": 0,
      "avgCwvScore": 0
    },
    {
      "category": "ai",
      "pageViews": 0,
      "articles": 0,
      "avgCwvScore": 0
    },
    {
      "category": "automation",
      "pageViews": 0,
      "articles": 0,
      "avgCwvScore": 0
    }
  ],
  "topPages": [],
  "cwvBreakdown": [],
  "rankingChanges": [],
  "indexationStatus": {
    "totalUrls": 0,
    "indexed": 0,
    "notIndexed": 0,
    "indexRate": 0
  }
}
[SEO Checkpoint] Generating report for 2026-05-29...
[SEO Checkpoint] Report saved to seo:checkpoint:2026-05-29

=== SEO Daily Checkpoint Report ===
{
  "generatedAt": "2026-05-29T17:00:00.955Z",
  "date": "2026-05-29",
  "summary": {
    "totalPageViews": 0,
    "totalUniqueVisitors": 0,
    "totalArticles": 0,
    "avgCwvScore": 0,
    "pagesAboveCwvThreshold": 0,
    "totalIndexedPages": 0,
    "totalTrackedKeywords": 0,
    "keywordsInTop10": 0,
    "keywordsInTop3": 0,
    "avgSearchRanking": 0
  },
  "byCategory": [
    {
      "category": "crypto",
      "pageViews": 0,
      "articles": 0,
      "avgCwvScore": 0
    },
    {
      "category": "ai",
      "pageViews": 0,
      "articles": 0,
      "avgCwvScore": 0
    },
    {
      "category": "automation",
      "pageViews": 0,
      "articles": 0,
      "avgCwvScore": 0
    }
  ],
  "topPages": [],
  "cwvBreakdown": [],
  "rankingChanges": [],
  "indexationStatus": {
    "totalUrls": 0,
    "indexed": 0,
    "notIndexed": 0,
    "indexRate": 0
  }
}
[SEO Checkpoint] Generating report for 2026-05-30...
[SEO Checkpoint] Report saved to seo:checkpoint:2026-05-30

=== SEO Daily Checkpoint Report ===
{
  "generatedAt": "2026-05-30T17:00:00.897Z",
  "date": "2026-05-30",
  "summary": {
    "totalPageViews": 0,
    "totalUniqueVisitors": 0,
    "totalArticles": 0,
    "avgCwvScore": 0,
    "pagesAboveCwvThreshold": 0,
    "totalIndexedPages": 0,
    "totalTrackedKeywords": 0,
    "keywordsInTop10": 0,
    "keywordsInTop3": 0,
    "avgSearchRanking": 0
  },
  "byCategory": [
    {
      "category": "crypto",
      "pageViews": 0,
      "articles": 0,
      "avgCwvScore": 0
    },
    {
      "category": "ai",
      "pageViews": 0,
      "articles": 0,
      "avgCwvScore": 0
    },
    {
      "category": "automation",
      "pageViews": 0,
      "articles": 0,
      "avgCwvScore": 0
    }
  ],
  "topPages": [],
  "cwvBreakdown": [],
  "rankingChanges": [],
  "indexationStatus": {
    "totalUrls": 0,
    "indexed": 0,
    "notIndexed": 0,
    "indexRate": 0
  }
}
[SEO Checkpoint] Generating report for 2026-05-31...
[SEO Checkpoint] Report saved to seo:checkpoint:2026-05-31

=== SEO Daily Checkpoint Report ===
{
  "generatedAt": "2026-05-31T17:00:00.495Z",
  "date": "2026-05-31",
  "summary": {
    "totalPageViews": 0,
    "totalUniqueVisitors": 0,
    "totalArticles": 0,
    "avgCwvScore": 0,
    "pagesAboveCwvThreshold": 0,
    "totalIndexedPages": 0,
    "totalTrackedKeywords": 0,
    "keywordsInTop10": 0,
    "keywordsInTop3": 0,
    "avgSearchRanking": 0
  },
  "byCategory": [
    {
      "category": "crypto",
      "pageViews": 0,
      "articles": 0,
      "avgCwvScore": 0
    },
    {
      "category": "ai",
      "pageViews": 0,
      "articles": 0,
      "avgCwvScore": 0
    },
    {
      "category": "automation",
      "pageViews": 0,
      "articles": 0,
      "avgCwvScore": 0
    }
  ],
  "topPages": [],
  "cwvBreakdown": [],
  "rankingChanges": [],
  "indexationStatus": {
    "totalUrls": 0,
    "indexed": 0,
    "notIndexed": 0,
    "indexRate": 0
  }
}
[SEO Checkpoint] Generating report for 2026-06-01...
[SEO Checkpoint] Report saved to seo:checkpoint:2026-06-01

=== SEO Daily Checkpoint Report ===
{
  "generatedAt": "2026-06-01T17:00:01.146Z",
  "date": "2026-06-01",
  "summary": {
    "totalPageViews": 0,
    "totalUniqueVisitors": 0,
    "totalArticles": 0,
    "avgCwvScore": 0,
    "pagesAboveCwvThreshold": 0,
    "totalIndexedPages": 0,
    "totalTrackedKeywords": 0,
    "keywordsInTop10": 0,
    "keywordsInTop3": 0,
    "avgSearchRanking": 0
  },
  "byCategory": [
    {
      "category": "crypto",
      "pageViews": 0,
      "articles": 0,
      "avgCwvScore": 0
    },
    {
      "category": "ai",
      "pageViews": 0,
      "articles": 0,
      "avgCwvScore": 0
    },
    {
      "category": "automation",
      "pageViews": 0,
      "articles": 0,
      "avgCwvScore": 0
    }
  ],
  "topPages": [],
  "cwvBreakdown": [],
  "rankingChanges": [],
  "indexationStatus": {
    "totalUrls": 0,
    "indexed": 0,
    "notIndexed": 0,
    "indexRate": 0
  }
}
[SEO Checkpoint] Generating report for 2026-06-02...
[SEO Checkpoint] Report saved to seo:checkpoint:2026-06-02

=== SEO Daily Checkpoint Report ===
{
  "generatedAt": "2026-06-02T17:00:01.102Z",
  "date": "2026-06-02",
  "summary": {
    "totalPageViews": 0,
    "totalUniqueVisitors": 0,
    "totalArticles": 0,
    "avgCwvScore": 0,
    "pagesAboveCwvThreshold": 0,
    "totalIndexedPages": 0,
    "totalTrackedKeywords": 0,
    "keywordsInTop10": 0,
    "keywordsInTop3": 0,
    "avgSearchRanking": 0
  },
  "byCategory": [
    {
      "category": "crypto",
      "pageViews": 0,
      "articles": 0,
      "avgCwvScore": 0
    },
    {
      "category": "ai",
      "pageViews": 0,
      "articles": 0,
      "avgCwvScore": 0
    },
    {
      "category": "automation",
      "pageViews": 0,
      "articles": 0,
      "avgCwvScore": 0
    }
  ],
  "topPages": [],
  "cwvBreakdown": [],
  "rankingChanges": [],
  "indexationStatus": {
    "totalUrls": 0,
    "indexed": 0,
    "notIndexed": 0,
    "indexRate": 0
  }
}
[SEO Checkpoint] Generating report for 2026-06-03...
[SEO Checkpoint] Report saved to seo:checkpoint:2026-06-03

=== SEO Daily Checkpoint Report ===
{
  "generatedAt": "2026-06-03T17:00:00.818Z",
  "date": "2026-06-03",
  "summary": {
    "totalPageViews": 0,
    "totalUniqueVisitors": 0,
    "totalArticles": 0,
    "avgCwvScore": 0,
    "pagesAboveCwvThreshold": 0,
    "totalIndexedPages": 0,
    "totalTrackedKeywords": 0,
    "keywordsInTop10": 0,
    "keywordsInTop3": 0,
    "avgSearchRanking": 0
  },
  "byCategory": [
    {
      "category": "crypto",
      "pageViews": 0,
      "articles": 0,
      "avgCwvScore": 0
    },
    {
      "category": "ai",
      "pageViews": 0,
      "articles": 0,
      "avgCwvScore": 0
    },
    {
      "category": "automation",
      "pageViews": 0,
      "articles": 0,
      "avgCwvScore": 0
    }
  ],
  "topPages": [],
  "cwvBreakdown": [],
  "rankingChanges": [],
  "indexationStatus": {
    "totalUrls": 0,
    "indexed": 0,
    "notIndexed": 0,
    "indexRate": 0
  }
}
[SEO Checkpoint] Generating report for 2026-06-04...
[SEO Checkpoint] Report saved to seo:checkpoint:2026-06-04

=== SEO Daily Checkpoint Report ===
{
  "generatedAt": "2026-06-04T17:00:00.412Z",
  "date": "2026-06-04",
  "summary": {
    "totalPageViews": 0,
    "totalUniqueVisitors": 0,
    "totalArticles": 0,
    "avgCwvScore": 0,
    "pagesAboveCwvThreshold": 0,
    "totalIndexedPages": 0,
    "totalTrackedKeywords": 0,
    "keywordsInTop10": 0,
    "keywordsInTop3": 0,
    "avgSearchRanking": 0
  },
  "byCategory": [
    {
      "category": "crypto",
      "pageViews": 0,
      "articles": 0,
      "avgCwvScore": 0
    },
    {
      "category": "ai",
      "pageViews": 0,
      "articles": 0,
      "avgCwvScore": 0
    },
    {
      "category": "automation",
      "pageViews": 0,
      "articles": 0,
      "avgCwvScore": 0
    }
  ],
  "topPages": [],
  "cwvBreakdown": [],
  "rankingChanges": [],
  "indexationStatus": {
    "totalUrls": 0,
    "indexed": 0,
    "notIndexed": 0,
    "indexRate": 0
  }
}
[SEO Checkpoint] Generating report for 2026-06-05...
[SEO Checkpoint] Report saved to seo:checkpoint:2026-06-05

=== SEO Daily Checkpoint Report ===
{
  "generatedAt": "2026-06-05T17:00:00.935Z",
  "date": "2026-06-05",
  "summary": {
    "totalPageViews": 0,
    "totalUniqueVisitors": 0,
    "totalArticles": 0,
    "avgCwvScore": 0,
    "pagesAboveCwvThreshold": 0,
    "totalIndexedPages": 0,
    "totalTrackedKeywords": 0,
    "keywordsInTop10": 0,
    "keywordsInTop3": 0,
    "avgSearchRanking": 0
  },
  "byCategory": [
    {
      "category": "crypto",
      "pageViews": 0,
      "articles": 0,
      "avgCwvScore": 0
    },
    {
      "category": "ai",
      "pageViews": 0,
      "articles": 0,
      "avgCwvScore": 0
    },
    {
      "category": "automation",
      "pageViews": 0,
      "articles": 0,
      "avgCwvScore": 0
    }
  ],
  "topPages": [],
  "cwvBreakdown": [],
  "rankingChanges": [],
  "indexationStatus": {
    "totalUrls": 0,
    "indexed": 0,
    "notIndexed": 0,
    "indexRate": 0
  }
}
[SEO Checkpoint] Generating report for 2026-06-06...
[SEO Checkpoint] Report saved to seo:checkpoint:2026-06-06

=== SEO Daily Checkpoint Report ===
{
  "generatedAt": "2026-06-06T17:00:00.381Z",
  "date": "2026-06-06",
  "summary": {
    "totalPageViews": 0,
    "totalUniqueVisitors": 0,
    "totalArticles": 0,
    "avgCwvScore": 0,
    "pagesAboveCwvThreshold": 0,
    "totalIndexedPages": 0,
    "totalTrackedKeywords": 0,
    "keywordsInTop10": 0,
    "keywordsInTop3": 0,
    "avgSearchRanking": 0
  },
  "byCategory": [
    {
      "category": "crypto",
      "pageViews": 0,
      "articles": 0,
      "avgCwvScore": 0
    },
    {
      "category": "ai",
      "pageViews": 0,
      "articles": 0,
      "avgCwvScore": 0
    },
    {
      "category": "automation",
      "pageViews": 0,
      "articles": 0,
      "avgCwvScore": 0
    }
  ],
  "topPages": [],
  "cwvBreakdown": [],
  "rankingChanges": [],
  "indexationStatus": {
    "totalUrls": 0,
    "indexed": 0,
    "notIndexed": 0,
    "indexRate": 0
  }
}
[SEO Checkpoint] Generating report for 2026-06-07...
[SEO Checkpoint] Report saved to seo:checkpoint:2026-06-07

=== SEO Daily Checkpoint Report ===
{
  "generatedAt": "2026-06-07T17:00:00.905Z",
  "date": "2026-06-07",
  "summary": {
    "totalPageViews": 0,
    "totalUniqueVisitors": 0,
    "totalArticles": 0,
    "avgCwvScore": 0,
    "pagesAboveCwvThreshold": 0,
    "totalIndexedPages": 0,
    "totalTrackedKeywords": 0,
    "keywordsInTop10": 0,
    "keywordsInTop3": 0,
    "avgSearchRanking": 0
  },
  "byCategory": [
    {
      "category": "crypto",
      "pageViews": 0,
      "articles": 0,
      "avgCwvScore": 0
    },
    {
      "category": "ai",
      "pageViews": 0,
      "articles": 0,
      "avgCwvScore": 0
    },
    {
      "category": "automation",
      "pageViews": 0,
      "articles": 0,
      "avgCwvScore": 0
    }
  ],
  "topPages": [],
  "cwvBreakdown": [],
  "rankingChanges": [],
  "indexationStatus": {
    "totalUrls": 0,
    "indexed": 0,
    "notIndexed": 0,
    "indexRate": 0
  }
}
[SEO Checkpoint] Generating report for 2026-06-08...
[SEO Checkpoint] Report saved to seo:checkpoint:2026-06-08

=== SEO Daily Checkpoint Report ===
{
  "generatedAt": "2026-06-08T17:00:00.935Z",
  "date": "2026-06-08",
  "summary": {
    "totalPageViews": 0,
    "totalUniqueVisitors": 0,
    "totalArticles": 0,
    "avgCwvScore": 0,
    "pagesAboveCwvThreshold": 0,
    "totalIndexedPages": 0,
    "totalTrackedKeywords": 0,
    "keywordsInTop10": 0,
    "keywordsInTop3": 0,
    "avgSearchRanking": 0
  },
  "byCategory": [
    {
      "category": "crypto",
      "pageViews": 0,
      "articles": 0,
      "avgCwvScore": 0
    },
    {
      "category": "ai",
      "pageViews": 0,
      "articles": 0,
      "avgCwvScore": 0
    },
    {
      "category": "automation",
      "pageViews": 0,
      "articles": 0,
      "avgCwvScore": 0
    }
  ],
  "topPages": [],
  "cwvBreakdown": [],
  "rankingChanges": [],
  "indexationStatus": {
    "totalUrls": 0,
    "indexed": 0,
    "notIndexed": 0,
    "indexRate": 0
  }
}
[SEO Checkpoint] Generating report for 2026-06-09...
[SEO Checkpoint] Report saved to seo:checkpoint:2026-06-09

=== SEO Daily Checkpoint Report ===
{
  "generatedAt": "2026-06-09T17:00:00.294Z",
  "date": "2026-06-09",
  "summary": {
    "totalPageViews": 0,
    "totalUniqueVisitors": 0,
    "totalArticles": 0,
    "avgCwvScore": 0,
    "pagesAboveCwvThreshold": 0,
    "totalIndexedPages": 0,
    "totalTrackedKeywords": 0,
    "keywordsInTop10": 0,
    "keywordsInTop3": 0,
    "avgSearchRanking": 0
  },
  "byCategory": [
    {
      "category": "crypto",
      "pageViews": 0,
      "articles": 0,
      "avgCwvScore": 0
    },
    {
      "category": "ai",
      "pageViews": 0,
      "articles": 0,
      "avgCwvScore": 0
    },
    {
      "category": "automation",
      "pageViews": 0,
      "articles": 0,
      "avgCwvScore": 0
    }
  ],
  "topPages": [],
  "cwvBreakdown": [],
  "rankingChanges": [],
  "indexationStatus": {
    "totalUrls": 0,
    "indexed": 0,
    "notIndexed": 0,
    "indexRate": 0
  }
}
[SEO Checkpoint] Generating report for 2026-06-10...
[SEO Checkpoint] Report saved to seo:checkpoint:2026-06-10

=== SEO Daily Checkpoint Report ===
{
  "generatedAt": "2026-06-10T17:00:00.767Z",
  "date": "2026-06-10",
  "summary": {
    "totalPageViews": 0,
    "totalUniqueVisitors": 0,
    "totalArticles": 0,
    "avgCwvScore": 0,
    "pagesAboveCwvThreshold": 0,
    "totalIndexedPages": 0,
    "totalTrackedKeywords": 0,
    "keywordsInTop10": 0,
    "keywordsInTop3": 0,
    "avgSearchRanking": 0
  },
  "byCategory": [
    {
      "category": "crypto",
      "pageViews": 0,
      "articles": 0,
      "avgCwvScore": 0
    },
    {
      "category": "ai",
      "pageViews": 0,
      "articles": 0,
      "avgCwvScore": 0
    },
    {
      "category": "automation",
      "pageViews": 0,
      "articles": 0,
      "avgCwvScore": 0
    }
  ],
  "topPages": [],
  "cwvBreakdown": [],
  "rankingChanges": [],
  "indexationStatus": {
    "totalUrls": 0,
    "indexed": 0,
    "notIndexed": 0,
    "indexRate": 0
  }
}
[SEO Checkpoint] Generating report for 2026-06-11...
[SEO Checkpoint] Report saved to seo:checkpoint:2026-06-11

=== SEO Daily Checkpoint Report ===
{
  "generatedAt": "2026-06-11T17:00:00.780Z",
  "date": "2026-06-11",
  "summary": {
    "totalPageViews": 0,
    "totalUniqueVisitors": 0,
    "totalArticles": 0,
    "avgCwvScore": 0,
    "pagesAboveCwvThreshold": 0,
    "totalIndexedPages": 0,
    "totalTrackedKeywords": 0,
    "keywordsInTop10": 0,
    "keywordsInTop3": 0,
    "avgSearchRanking": 0
  },
  "byCategory": [
    {
      "category": "crypto",
      "pageViews": 0,
      "articles": 0,
      "avgCwvScore": 0
    },
    {
      "category": "ai",
      "pageViews": 0,
      "articles": 0,
      "avgCwvScore": 0
    },
    {
      "category": "automation",
      "pageViews": 0,
      "articles": 0,
      "avgCwvScore": 0
    }
  ],
  "topPages": [],
  "cwvBreakdown": [],
  "rankingChanges": [],
  "indexationStatus": {
    "totalUrls": 0,
    "indexed": 0,
    "notIndexed": 0,
    "indexRate": 0
  }
}
[SEO Checkpoint] Generating report for 2026-06-12...
[SEO Checkpoint] Report saved to seo:checkpoint:2026-06-12

=== SEO Daily Checkpoint Report ===
{
  "generatedAt": "2026-06-12T17:00:00.936Z",
  "date": "2026-06-12",
  "summary": {
    "totalPageViews": 0,
    "totalUniqueVisitors": 0,
    "totalArticles": 0,
    "avgCwvScore": 0,
    "pagesAboveCwvThreshold": 0,
    "totalIndexedPages": 0,
    "totalTrackedKeywords": 0,
    "keywordsInTop10": 0,
    "keywordsInTop3": 0,
    "avgSearchRanking": 0
  },
  "byCategory": [
    {
      "category": "crypto",
      "pageViews": 0,
      "articles": 0,
      "avgCwvScore": 0
    },
    {
      "category": "ai",
      "pageViews": 0,
      "articles": 0,
      "avgCwvScore": 0
    },
    {
      "category": "automation",
      "pageViews": 0,
      "articles": 0,
      "avgCwvScore": 0
    }
  ],
  "topPages": [],
  "cwvBreakdown": [],
  "rankingChanges": [],
  "indexationStatus": {
    "totalUrls": 0,
    "indexed": 0,
    "notIndexed": 0,
    "indexRate": 0
  }
}
[SEO Checkpoint] Generating report for 2026-06-13...
[SEO Checkpoint] Report saved to seo:checkpoint:2026-06-13

=== SEO Daily Checkpoint Report ===
{
  "generatedAt": "2026-06-13T17:00:00.721Z",
  "date": "2026-06-13",
  "summary": {
    "totalPageViews": 0,
    "totalUniqueVisitors": 0,
    "totalArticles": 0,
    "avgCwvScore": 0,
    "pagesAboveCwvThreshold": 0,
    "totalIndexedPages": 0,
    "totalTrackedKeywords": 0,
    "keywordsInTop10": 0,
    "keywordsInTop3": 0,
    "avgSearchRanking": 0
  },
  "byCategory": [
    {
      "category": "crypto",
      "pageViews": 0,
      "articles": 0,
      "avgCwvScore": 0
    },
    {
      "category": "ai",
      "pageViews": 0,
      "articles": 0,
      "avgCwvScore": 0
    },
    {
      "category": "automation",
      "pageViews": 0,
      "articles": 0,
      "avgCwvScore": 0
    }
  ],
  "topPages": [],
  "cwvBreakdown": [],
  "rankingChanges": [],
  "indexationStatus": {
    "totalUrls": 0,
    "indexed": 0,
    "notIndexed": 0,
    "indexRate": 0
  }
}
[SEO Checkpoint] Generating report for 2026-06-14...
[SEO Checkpoint] Report saved to seo:checkpoint:2026-06-14

=== SEO Daily Checkpoint Report ===
{
  "generatedAt": "2026-06-14T17:00:00.456Z",
  "date": "2026-06-14",
  "summary": {
    "totalPageViews": 0,
    "totalUniqueVisitors": 0,
    "totalArticles": 0,
    "avgCwvScore": 0,
    "pagesAboveCwvThreshold": 0,
    "totalIndexedPages": 0,
    "totalTrackedKeywords": 0,
    "keywordsInTop10": 0,
    "keywordsInTop3": 0,
    "avgSearchRanking": 0
  },
  "byCategory": [
    {
      "category": "crypto",
      "pageViews": 0,
      "articles": 0,
      "avgCwvScore": 0
    },
    {
      "category": "ai",
      "pageViews": 0,
      "articles": 0,
      "avgCwvScore": 0
    },
    {
      "category": "automation",
      "pageViews": 0,
      "articles": 0,
      "avgCwvScore": 0
    }
  ],
  "topPages": [],
  "cwvBreakdown": [],
  "rankingChanges": [],
  "indexationStatus": {
    "totalUrls": 0,
    "indexed": 0,
    "notIndexed": 0,
    "indexRate": 0
  }
}
[SEO Checkpoint] Generating report for 2026-06-15...
[SEO Checkpoint] Report saved to seo:checkpoint:2026-06-15

=== SEO Daily Checkpoint Report ===
{
  "generatedAt": "2026-06-15T17:00:00.931Z",
  "date": "2026-06-15",
  "summary": {
    "totalPageViews": 0,
    "totalUniqueVisitors": 0,
    "totalArticles": 0,
    "avgCwvScore": 0,
    "pagesAboveCwvThreshold": 0,
    "totalIndexedPages": 0,
    "totalTrackedKeywords": 0,
    "keywordsInTop10": 0,
    "keywordsInTop3": 0,
    "avgSearchRanking": 0
  },
  "byCategory": [
    {
      "category": "crypto",
      "pageViews": 0,
      "articles": 0,
      "avgCwvScore": 0
    },
    {
      "category": "ai",
      "pageViews": 0,
      "articles": 0,
      "avgCwvScore": 0
    },
    {
      "category": "automation",
      "pageViews": 0,
      "articles": 0,
      "avgCwvScore": 0
    }
  ],
  "topPages": [],
  "cwvBreakdown": [],
  "rankingChanges": [],
  "indexationStatus": {
    "totalUrls": 0,
    "indexed": 0,
    "notIndexed": 0,
    "indexRate": 0
  }
}
[SEO Checkpoint] Generating report for 2026-06-16...
[SEO Checkpoint] Report saved to seo:checkpoint:2026-06-16

=== SEO Daily Checkpoint Report ===
{
  "generatedAt": "2026-06-16T17:00:00.608Z",
  "date": "2026-06-16",
  "summary": {
    "totalPageViews": 0,
    "totalUniqueVisitors": 0,
    "totalArticles": 0,
    "avgCwvScore": 0,
    "pagesAboveCwvThreshold": 0,
    "totalIndexedPages": 0,
    "totalTrackedKeywords": 0,
    "keywordsInTop10": 0,
    "keywordsInTop3": 0,
    "avgSearchRanking": 0
  },
  "byCategory": [
    {
      "category": "crypto",
      "pageViews": 0,
      "articles": 0,
      "avgCwvScore": 0
    },
    {
      "category": "ai",
      "pageViews": 0,
      "articles": 0,
      "avgCwvScore": 0
    },
    {
      "category": "automation",
      "pageViews": 0,
      "articles": 0,
      "avgCwvScore": 0
    }
  ],
  "topPages": [],
  "cwvBreakdown": [],
  "rankingChanges": [],
  "indexationStatus": {
    "totalUrls": 0,
    "indexed": 0,
    "notIndexed": 0,
    "indexRate": 0
  }
}
[SEO Checkpoint] Generating report for 2026-06-17...
[SEO Checkpoint] Report saved to seo:checkpoint:2026-06-17

=== SEO Daily Checkpoint Report ===
{
  "generatedAt": "2026-06-17T17:00:00.932Z",
  "date": "2026-06-17",
  "summary": {
    "totalPageViews": 0,
    "totalUniqueVisitors": 0,
    "totalArticles": 0,
    "avgCwvScore": 0,
    "pagesAboveCwvThreshold": 0,
    "totalIndexedPages": 0,
    "totalTrackedKeywords": 0,
    "keywordsInTop10": 0,
    "keywordsInTop3": 0,
    "avgSearchRanking": 0
  },
  "byCategory": [
    {
      "category": "crypto",
      "pageViews": 0,
      "articles": 0,
      "avgCwvScore": 0
    },
    {
      "category": "ai",
      "pageViews": 0,
      "articles": 0,
      "avgCwvScore": 0
    },
    {
      "category": "automation",
      "pageViews": 0,
      "articles": 0,
      "avgCwvScore": 0
    }
  ],
  "topPages": [],
  "cwvBreakdown": [],
  "rankingChanges": [],
  "indexationStatus": {
    "totalUrls": 0,
    "indexed": 0,
    "notIndexed": 0,
    "indexRate": 0
  }
}
[SEO Checkpoint] Generating report for 2026-06-18...
[SEO Checkpoint] Report saved to seo:checkpoint:2026-06-18

=== SEO Daily Checkpoint Report ===
{
  "generatedAt": "2026-06-18T17:00:00.446Z",
  "date": "2026-06-18",
  "summary": {
    "totalPageViews": 0,
    "totalUniqueVisitors": 0,
    "totalArticles": 0,
    "avgCwvScore": 0,
    "pagesAboveCwvThreshold": 0,
    "totalIndexedPages": 0,
    "totalTrackedKeywords": 0,
    "keywordsInTop10": 0,
    "keywordsInTop3": 0,
    "avgSearchRanking": 0
  },
  "byCategory": [
    {
      "category": "crypto",
      "pageViews": 0,
      "articles": 0,
      "avgCwvScore": 0
    },
    {
      "category": "ai",
      "pageViews": 0,
      "articles": 0,
      "avgCwvScore": 0
    },
    {
      "category": "automation",
      "pageViews": 0,
      "articles": 0,
      "avgCwvScore": 0
    }
  ],
  "topPages": [],
  "cwvBreakdown": [],
  "rankingChanges": [],
  "indexationStatus": {
    "totalUrls": 0,
    "indexed": 0,
    "notIndexed": 0,
    "indexRate": 0
  }
}
[SEO Checkpoint] Generating report for 2026-06-19...
[SEO Checkpoint] Report saved to seo:checkpoint:2026-06-19

=== SEO Daily Checkpoint Report ===
{
  "generatedAt": "2026-06-19T17:00:00.670Z",
  "date": "2026-06-19",
  "summary": {
    "totalPageViews": 0,
    "totalUniqueVisitors": 0,
    "totalArticles": 0,
    "avgCwvScore": 0,
    "pagesAboveCwvThreshold": 0,
    "totalIndexedPages": 0,
    "totalTrackedKeywords": 0,
    "keywordsInTop10": 0,
    "keywordsInTop3": 0,
    "avgSearchRanking": 0
  },
  "byCategory": [
    {
      "category": "crypto",
      "pageViews": 0,
      "articles": 0,
      "avgCwvScore": 0
    },
    {
      "category": "ai",
      "pageViews": 0,
      "articles": 0,
      "avgCwvScore": 0
    },
    {
      "category": "automation",
      "pageViews": 0,
      "articles": 0,
      "avgCwvScore": 0
    }
  ],
  "topPages": [],
  "cwvBreakdown": [],
  "rankingChanges": [],
  "indexationStatus": {
    "totalUrls": 0,
    "indexed": 0,
    "notIndexed": 0,
    "indexRate": 0
  }
}
[SEO Checkpoint] Generating report for 2026-06-20...
[SEO Checkpoint] Report saved to seo:checkpoint:2026-06-20

=== SEO Daily Checkpoint Report ===
{
  "generatedAt": "2026-06-20T17:00:00.765Z",
  "date": "2026-06-20",
  "summary": {
    "totalPageViews": 0,
    "totalUniqueVisitors": 0,
    "totalArticles": 0,
    "avgCwvScore": 0,
    "pagesAboveCwvThreshold": 0,
    "totalIndexedPages": 0,
    "totalTrackedKeywords": 0,
    "keywordsInTop10": 0,
    "keywordsInTop3": 0,
    "avgSearchRanking": 0
  },
  "byCategory": [
    {
      "category": "crypto",
      "pageViews": 0,
      "articles": 0,
      "avgCwvScore": 0
    },
    {
      "category": "ai",
      "pageViews": 0,
      "articles": 0,
      "avgCwvScore": 0
    },
    {
      "category": "automation",
      "pageViews": 0,
      "articles": 0,
      "avgCwvScore": 0
    }
  ],
  "topPages": [],
  "cwvBreakdown": [],
  "rankingChanges": [],
  "indexationStatus": {
    "totalUrls": 0,
    "indexed": 0,
    "notIndexed": 0,
    "indexRate": 0
  }
}
